{"/mnt/c/LinuxShared/fp_lvl2/src/index.js": {"path":"/mnt/c/LinuxShared/fp_lvl2/src/index.js","statementMap":{"0":{"start":{"line":1,"column":0},"end":{"line":1,"column":23}},"1":{"start":{"line":2,"column":0},"end":{"line":2,"column":20}},"2":{"start":{"line":3,"column":0},"end":{"line":3,"column":24}},"3":{"start":{"line":4,"column":0},"end":{"line":4,"column":30}},"4":{"start":{"line":5,"column":0},"end":{"line":5,"column":34}},"5":{"start":{"line":6,"column":0},"end":{"line":6,"column":43}},"6":{"start":{"line":7,"column":0},"end":{"line":7,"column":0}},"7":{"start":{"line":8,"column":0},"end":{"line":8,"column":31}},"8":{"start":{"line":9,"column":0},"end":{"line":9,"column":20}},"9":{"start":{"line":10,"column":0},"end":{"line":10,"column":44}},"10":{"start":{"line":11,"column":0},"end":{"line":11,"column":26}},"11":{"start":{"line":12,"column":0},"end":{"line":12,"column":58}},"12":{"start":{"line":13,"column":0},"end":{"line":13,"column":10}},"13":{"start":{"line":14,"column":0},"end":{"line":14,"column":42}},"14":{"start":{"line":15,"column":0},"end":{"line":15,"column":3}},"15":{"start":{"line":16,"column":0},"end":{"line":16,"column":57}},"16":{"start":{"line":17,"column":0},"end":{"line":17,"column":37}},"17":{"start":{"line":18,"column":0},"end":{"line":18,"column":34}},"18":{"start":{"line":19,"column":0},"end":{"line":19,"column":2}},"19":{"start":{"line":20,"column":0},"end":{"line":20,"column":0}},"20":{"start":{"line":21,"column":0},"end":{"line":21,"column":72}},"21":{"start":{"line":22,"column":0},"end":{"line":22,"column":3}},"22":{"start":{"line":23,"column":0},"end":{"line":23,"column":8}},"23":{"start":{"line":24,"column":0},"end":{"line":24,"column":9}},"24":{"start":{"line":25,"column":0},"end":{"line":25,"column":13}},"25":{"start":{"line":26,"column":0},"end":{"line":26,"column":13}},"26":{"start":{"line":27,"column":0},"end":{"line":27,"column":13}},"27":{"start":{"line":28,"column":0},"end":{"line":28,"column":3}},"28":{"start":{"line":29,"column":0},"end":{"line":29,"column":2}},"29":{"start":{"line":30,"column":0},"end":{"line":30,"column":0}},"30":{"start":{"line":31,"column":0},"end":{"line":31,"column":49}},"31":{"start":{"line":32,"column":0},"end":{"line":32,"column":47}},"32":{"start":{"line":33,"column":0},"end":{"line":33,"column":49}},"33":{"start":{"line":34,"column":0},"end":{"line":34,"column":65}},"34":{"start":{"line":35,"column":0},"end":{"line":35,"column":37}},"35":{"start":{"line":36,"column":0},"end":{"line":36,"column":0}},"36":{"start":{"line":37,"column":0},"end":{"line":37,"column":34}},"37":{"start":{"line":38,"column":0},"end":{"line":38,"column":45}},"38":{"start":{"line":39,"column":0},"end":{"line":39,"column":75}},"39":{"start":{"line":40,"column":0},"end":{"line":40,"column":41}},"40":{"start":{"line":41,"column":0},"end":{"line":41,"column":61}},"41":{"start":{"line":42,"column":0},"end":{"line":42,"column":42}},"42":{"start":{"line":43,"column":0},"end":{"line":43,"column":62}},"43":{"start":{"line":44,"column":0},"end":{"line":44,"column":82}},"44":{"start":{"line":45,"column":0},"end":{"line":45,"column":51}},"45":{"start":{"line":46,"column":0},"end":{"line":46,"column":55}},"46":{"start":{"line":47,"column":0},"end":{"line":47,"column":5}},"47":{"start":{"line":48,"column":0},"end":{"line":48,"column":71}},"48":{"start":{"line":49,"column":0},"end":{"line":49,"column":5}},"49":{"start":{"line":50,"column":0},"end":{"line":50,"column":2}},"50":{"start":{"line":51,"column":0},"end":{"line":51,"column":0}},"51":{"start":{"line":52,"column":0},"end":{"line":52,"column":68}},"52":{"start":{"line":53,"column":0},"end":{"line":53,"column":51}},"53":{"start":{"line":54,"column":0},"end":{"line":54,"column":53}},"54":{"start":{"line":55,"column":0},"end":{"line":55,"column":55}},"55":{"start":{"line":56,"column":0},"end":{"line":56,"column":30}},"56":{"start":{"line":57,"column":0},"end":{"line":57,"column":2}},"57":{"start":{"line":58,"column":0},"end":{"line":58,"column":0}},"58":{"start":{"line":59,"column":0},"end":{"line":59,"column":23}}},"s":{"0":1,"1":1,"2":1,"3":1,"4":1,"5":12,"6":12,"7":12,"8":12,"9":11,"10":1,"11":12,"12":12,"13":12,"14":12,"15":1,"16":1,"17":69,"18":69,"19":69,"20":1,"21":1,"22":1,"23":18,"24":18,"25":18,"26":18,"27":18,"28":18,"29":18,"30":18,"31":18,"32":18,"33":18,"34":69,"35":12,"36":12,"37":69,"38":69,"39":69,"40":69,"41":69,"42":69,"43":12,"44":69,"45":1,"46":1,"47":1,"48":6,"49":6,"50":6,"51":6,"52":6,"53":6,"54":1,"55":1,"56":1,"57":1,"58":1},"branchMap":{"0":{"type":"branch","line":1,"loc":{"start":{"line":1,"column":0},"end":{"line":55,"column":26}},"locations":[{"start":{"line":1,"column":0},"end":{"line":55,"column":26}}]},"1":{"type":"branch","line":5,"loc":{"start":{"line":5,"column":7},"end":{"line":16,"column":43}},"locations":[{"start":{"line":5,"column":7},"end":{"line":16,"column":43}}]},"2":{"type":"branch","line":9,"loc":{"start":{"line":9,"column":2},"end":{"line":11,"column":0}},"locations":[{"start":{"line":9,"column":2},"end":{"line":11,"column":0}}]},"3":{"type":"branch","line":11,"loc":{"start":{"line":11,"column":0},"end":{"line":12,"column":27}},"locations":[{"start":{"line":11,"column":0},"end":{"line":12,"column":27}}]},"4":{"type":"branch","line":17,"loc":{"start":{"line":17,"column":7},"end":{"line":21,"column":54}},"locations":[{"start":{"line":17,"column":7},"end":{"line":21,"column":54}}]},"5":{"type":"branch","line":23,"loc":{"start":{"line":23,"column":1},"end":{"line":46,"column":52}},"locations":[{"start":{"line":23,"column":1},"end":{"line":46,"column":52}}]},"6":{"type":"branch","line":34,"loc":{"start":{"line":34,"column":40},"end":{"line":46,"column":48}},"locations":[{"start":{"line":34,"column":40},"end":{"line":46,"column":48}}]},"7":{"type":"branch","line":35,"loc":{"start":{"line":35,"column":29},"end":{"line":38,"column":38}},"locations":[{"start":{"line":35,"column":29},"end":{"line":38,"column":38}}]},"8":{"type":"branch","line":38,"loc":{"start":{"line":38,"column":38},"end":{"line":39,"column":27}},"locations":[{"start":{"line":38,"column":38},"end":{"line":39,"column":27}}]},"9":{"type":"branch","line":39,"loc":{"start":{"line":39,"column":27},"end":{"line":40,"column":20}},"locations":[{"start":{"line":39,"column":27},"end":{"line":40,"column":20}}]},"10":{"type":"branch","line":40,"loc":{"start":{"line":40,"column":20},"end":{"line":41,"column":14}},"locations":[{"start":{"line":40,"column":20},"end":{"line":41,"column":14}}]},"11":{"type":"branch","line":41,"loc":{"start":{"line":41,"column":14},"end":{"line":42,"column":22}},"locations":[{"start":{"line":41,"column":14},"end":{"line":42,"column":22}}]},"12":{"type":"branch","line":42,"loc":{"start":{"line":42,"column":22},"end":{"line":43,"column":17}},"locations":[{"start":{"line":42,"column":22},"end":{"line":43,"column":17}}]},"13":{"type":"branch","line":43,"loc":{"start":{"line":43,"column":17},"end":{"line":43,"column":53}},"locations":[{"start":{"line":43,"column":17},"end":{"line":43,"column":53}}]},"14":{"type":"branch","line":43,"loc":{"start":{"line":43,"column":55},"end":{"line":45,"column":24}},"locations":[{"start":{"line":43,"column":55},"end":{"line":45,"column":24}}]},"15":{"type":"branch","line":45,"loc":{"start":{"line":45,"column":24},"end":{"line":46,"column":47}},"locations":[{"start":{"line":45,"column":24},"end":{"line":46,"column":47}}]},"16":{"type":"branch","line":48,"loc":{"start":{"line":48,"column":9},"end":{"line":54,"column":53}},"locations":[{"start":{"line":48,"column":9},"end":{"line":54,"column":53}}]}},"b":{"0":[1],"1":[12],"2":[11],"3":[1],"4":[69],"5":[18],"6":[69],"7":[12],"8":[57],"9":[9],"10":[48],"11":[21],"12":[27],"13":[12],"14":[12],"15":[15],"16":[6]},"fnMap":{"0":{"name":"getData","decl":{"start":{"line":5,"column":7},"end":{"line":16,"column":43}},"loc":{"start":{"line":5,"column":7},"end":{"line":16,"column":43}},"line":5},"1":{"name":"createNode","decl":{"start":{"line":17,"column":7},"end":{"line":21,"column":54}},"loc":{"start":{"line":17,"column":7},"end":{"line":21,"column":54}},"line":17},"2":{"name":"generateTree","decl":{"start":{"line":23,"column":1},"end":{"line":46,"column":52}},"loc":{"start":{"line":23,"column":1},"end":{"line":46,"column":52}},"line":23},"3":{"name":"genDiff","decl":{"start":{"line":48,"column":9},"end":{"line":54,"column":53}},"loc":{"start":{"line":48,"column":9},"end":{"line":54,"column":53}},"line":48}},"f":{"0":12,"1":69,"2":18,"3":6}}
,"/mnt/c/LinuxShared/fp_lvl2/src/parsers.js": {"path":"/mnt/c/LinuxShared/fp_lvl2/src/parsers.js","statementMap":{"0":{"start":{"line":1,"column":0},"end":{"line":1,"column":27}},"1":{"start":{"line":2,"column":0},"end":{"line":2,"column":22}},"2":{"start":{"line":3,"column":0},"end":{"line":3,"column":0}},"3":{"start":{"line":4,"column":0},"end":{"line":4,"column":45}},"4":{"start":{"line":5,"column":0},"end":{"line":5,"column":36}},"5":{"start":{"line":6,"column":0},"end":{"line":6,"column":27}},"6":{"start":{"line":7,"column":0},"end":{"line":7,"column":28}},"7":{"start":{"line":8,"column":0},"end":{"line":8,"column":3}},"8":{"start":{"line":9,"column":0},"end":{"line":9,"column":26}},"9":{"start":{"line":10,"column":0},"end":{"line":10,"column":31}},"10":{"start":{"line":11,"column":0},"end":{"line":11,"column":3}},"11":{"start":{"line":12,"column":0},"end":{"line":12,"column":26}},"12":{"start":{"line":13,"column":0},"end":{"line":13,"column":27}},"13":{"start":{"line":14,"column":0},"end":{"line":14,"column":3}},"14":{"start":{"line":15,"column":0},"end":{"line":15,"column":2}}},"s":{"0":1,"1":12,"2":12,"3":12,"4":12,"5":2,"6":2,"7":2,"8":2,"9":1,"10":1,"11":1,"12":1,"13":1,"14":1},"branchMap":{"0":{"type":"branch","line":1,"loc":{"start":{"line":1,"column":0},"end":{"line":10,"column":9}},"locations":[{"start":{"line":1,"column":0},"end":{"line":10,"column":9}}]},"1":{"type":"branch","line":1,"loc":{"start":{"line":1,"column":24},"end":{"line":10,"column":7}},"locations":[{"start":{"line":1,"column":24},"end":{"line":10,"column":7}}]},"2":{"type":"branch","line":4,"loc":{"start":{"line":4,"column":20},"end":{"line":5,"column":8}},"locations":[{"start":{"line":4,"column":20},"end":{"line":5,"column":8}}]},"3":{"type":"branch","line":5,"loc":{"start":{"line":5,"column":8},"end":{"line":5,"column":34}},"locations":[{"start":{"line":5,"column":8},"end":{"line":5,"column":34}}]},"4":{"type":"branch","line":5,"loc":{"start":{"line":5,"column":34},"end":{"line":10,"column":5}},"locations":[{"start":{"line":5,"column":34},"end":{"line":10,"column":5}}]}},"b":{"0":[1],"1":[12],"2":[8],"3":[4],"4":[2]},"fnMap":{"0":{"name":"default","decl":{"start":{"line":1,"column":24},"end":{"line":10,"column":7}},"loc":{"start":{"line":1,"column":24},"end":{"line":10,"column":7}},"line":1}},"f":{"0":12}}
,"/mnt/c/LinuxShared/fp_lvl2/src/formatters/index.js": {"path":"/mnt/c/LinuxShared/fp_lvl2/src/formatters/index.js","statementMap":{"0":{"start":{"line":1,"column":0},"end":{"line":1,"column":35}},"1":{"start":{"line":2,"column":0},"end":{"line":2,"column":41}},"2":{"start":{"line":3,"column":0},"end":{"line":3,"column":37}},"3":{"start":{"line":4,"column":0},"end":{"line":4,"column":0}},"4":{"start":{"line":5,"column":0},"end":{"line":5,"column":34}},"5":{"start":{"line":6,"column":0},"end":{"line":6,"column":19}},"6":{"start":{"line":7,"column":0},"end":{"line":7,"column":19}},"7":{"start":{"line":8,"column":0},"end":{"line":8,"column":33}},"8":{"start":{"line":9,"column":0},"end":{"line":9,"column":16}},"9":{"start":{"line":10,"column":0},"end":{"line":10,"column":30}},"10":{"start":{"line":11,"column":0},"end":{"line":11,"column":17}},"11":{"start":{"line":12,"column":0},"end":{"line":12,"column":31}},"12":{"start":{"line":13,"column":0},"end":{"line":13,"column":12}},"13":{"start":{"line":14,"column":0},"end":{"line":14,"column":55}},"14":{"start":{"line":15,"column":0},"end":{"line":15,"column":3}},"15":{"start":{"line":16,"column":0},"end":{"line":16,"column":2}}},"s":{"0":1,"1":1,"2":6,"3":4,"4":6,"5":1,"6":6,"7":1,"8":6,"9":0,"10":0,"11":1,"12":1,"13":1,"14":1,"15":1},"branchMap":{"0":{"type":"branch","line":1,"loc":{"start":{"line":1,"column":0},"end":{"line":12,"column":19}},"locations":[{"start":{"line":1,"column":0},"end":{"line":12,"column":19}}]},"1":{"type":"branch","line":2,"loc":{"start":{"line":2,"column":7},"end":{"line":12,"column":17}},"locations":[{"start":{"line":2,"column":7},"end":{"line":12,"column":17}}]},"2":{"type":"branch","line":3,"loc":{"start":{"line":3,"column":9},"end":{"line":5,"column":19}},"locations":[{"start":{"line":3,"column":9},"end":{"line":5,"column":19}}]},"3":{"type":"branch","line":5,"loc":{"start":{"line":5,"column":24},"end":{"line":7,"column":12}},"locations":[{"start":{"line":5,"column":24},"end":{"line":7,"column":12}}]},"4":{"type":"branch","line":7,"loc":{"start":{"line":7,"column":17},"end":{"line":9,"column":8}},"locations":[{"start":{"line":7,"column":17},"end":{"line":9,"column":8}}]},"5":{"type":"branch","line":9,"loc":{"start":{"line":9,"column":13},"end":{"line":12,"column":11}},"locations":[{"start":{"line":9,"column":13},"end":{"line":12,"column":11}}]}},"b":{"0":[1],"1":[6],"2":[4],"3":[1],"4":[1],"5":[0]},"fnMap":{"0":{"name":"default","decl":{"start":{"line":2,"column":7},"end":{"line":12,"column":17}},"loc":{"start":{"line":2,"column":7},"end":{"line":12,"column":17}},"line":2}},"f":{"0":6}}
,"/mnt/c/LinuxShared/fp_lvl2/src/formatters/json.js": {"path":"/mnt/c/LinuxShared/fp_lvl2/src/formatters/json.js","statementMap":{"0":{"start":{"line":1,"column":0},"end":{"line":1,"column":46}}},"s":{"0":1},"branchMap":{},"b":{},"fnMap":{},"f":{}}
,"/mnt/c/LinuxShared/fp_lvl2/src/formatters/plain.js": {"path":"/mnt/c/LinuxShared/fp_lvl2/src/formatters/plain.js","statementMap":{"0":{"start":{"line":1,"column":0},"end":{"line":1,"column":23}},"1":{"start":{"line":2,"column":0},"end":{"line":2,"column":0}},"2":{"start":{"line":3,"column":0},"end":{"line":3,"column":33}},"3":{"start":{"line":4,"column":0},"end":{"line":4,"column":23}},"4":{"start":{"line":5,"column":0},"end":{"line":5,"column":18}},"5":{"start":{"line":6,"column":0},"end":{"line":6,"column":3}},"6":{"start":{"line":7,"column":0},"end":{"line":7,"column":35}},"7":{"start":{"line":8,"column":0},"end":{"line":8,"column":36}},"8":{"start":{"line":9,"column":0},"end":{"line":9,"column":3}},"9":{"start":{"line":10,"column":0},"end":{"line":10,"column":34}},"10":{"start":{"line":11,"column":0},"end":{"line":11,"column":24}},"11":{"start":{"line":12,"column":0},"end":{"line":12,"column":3}},"12":{"start":{"line":13,"column":0},"end":{"line":13,"column":32}},"13":{"start":{"line":14,"column":0},"end":{"line":14,"column":29}},"14":{"start":{"line":15,"column":0},"end":{"line":15,"column":3}},"15":{"start":{"line":16,"column":0},"end":{"line":16,"column":15}},"16":{"start":{"line":17,"column":0},"end":{"line":17,"column":2}},"17":{"start":{"line":18,"column":0},"end":{"line":18,"column":0}},"18":{"start":{"line":19,"column":0},"end":{"line":19,"column":26}},"19":{"start":{"line":20,"column":0},"end":{"line":20,"column":45}},"20":{"start":{"line":21,"column":0},"end":{"line":21,"column":6}},"21":{"start":{"line":22,"column":0},"end":{"line":22,"column":10}},"22":{"start":{"line":23,"column":0},"end":{"line":23,"column":11}},"23":{"start":{"line":24,"column":0},"end":{"line":24,"column":15}},"24":{"start":{"line":25,"column":0},"end":{"line":25,"column":15}},"25":{"start":{"line":26,"column":0},"end":{"line":26,"column":15}},"26":{"start":{"line":27,"column":0},"end":{"line":27,"column":11}},"27":{"start":{"line":28,"column":0},"end":{"line":28,"column":54}},"28":{"start":{"line":29,"column":0},"end":{"line":29,"column":54}},"29":{"start":{"line":30,"column":0},"end":{"line":30,"column":59}},"30":{"start":{"line":31,"column":0},"end":{"line":31,"column":21}},"31":{"start":{"line":32,"column":0},"end":{"line":32,"column":23}},"32":{"start":{"line":33,"column":0},"end":{"line":33,"column":53}},"33":{"start":{"line":34,"column":0},"end":{"line":34,"column":21}},"34":{"start":{"line":35,"column":0},"end":{"line":35,"column":88}},"35":{"start":{"line":36,"column":0},"end":{"line":36,"column":23}},"36":{"start":{"line":37,"column":0},"end":{"line":37,"column":58}},"37":{"start":{"line":38,"column":0},"end":{"line":38,"column":25}},"38":{"start":{"line":39,"column":0},"end":{"line":39,"column":20}},"39":{"start":{"line":40,"column":0},"end":{"line":40,"column":23}},"40":{"start":{"line":41,"column":0},"end":{"line":41,"column":107}},"41":{"start":{"line":42,"column":0},"end":{"line":42,"column":16}},"42":{"start":{"line":43,"column":0},"end":{"line":43,"column":66}},"43":{"start":{"line":44,"column":0},"end":{"line":44,"column":7}},"44":{"start":{"line":45,"column":0},"end":{"line":45,"column":6}},"45":{"start":{"line":46,"column":0},"end":{"line":46,"column":4}},"46":{"start":{"line":47,"column":0},"end":{"line":47,"column":0}},"47":{"start":{"line":48,"column":0},"end":{"line":48,"column":50}},"48":{"start":{"line":49,"column":0},"end":{"line":49,"column":2}}},"s":{"0":36,"1":20,"2":36,"3":2,"4":36,"5":18,"6":36,"7":36,"8":5,"9":36,"10":36,"11":1,"12":1,"13":1,"14":5,"15":5,"16":18,"17":18,"18":18,"19":18,"20":18,"21":18,"22":18,"23":18,"24":18,"25":18,"26":18,"27":18,"28":18,"29":18,"30":18,"31":2,"32":2,"33":2,"34":18,"35":18,"36":18,"37":4,"38":4,"39":4,"40":18,"41":1,"42":1,"43":1,"44":1,"45":1,"46":1,"47":1,"48":1},"branchMap":{"0":{"type":"branch","line":1,"loc":{"start":{"line":1,"column":0},"end":{"line":43,"column":53}},"locations":[{"start":{"line":1,"column":0},"end":{"line":43,"column":53}}]},"1":{"type":"branch","line":1,"loc":{"start":{"line":1,"column":0},"end":{"line":11,"column":24}},"locations":[{"start":{"line":1,"column":0},"end":{"line":11,"column":24}}]},"2":{"type":"branch","line":1,"loc":{"start":{"line":1,"column":0},"end":{"line":1,"column":16}},"locations":[{"start":{"line":1,"column":0},"end":{"line":1,"column":16}}]},"3":{"type":"branch","line":1,"loc":{"start":{"line":1,"column":16},"end":{"line":3,"column":26}},"locations":[{"start":{"line":1,"column":16},"end":{"line":3,"column":26}}]},"4":{"type":"branch","line":3,"loc":{"start":{"line":3,"column":26},"end":{"line":5,"column":10}},"locations":[{"start":{"line":3,"column":26},"end":{"line":5,"column":10}}]},"5":{"type":"branch","line":4,"loc":{"start":{"line":4,"column":11},"end":{"line":4,"column":19}},"locations":[{"start":{"line":4,"column":11},"end":{"line":4,"column":19}}]},"6":{"type":"branch","line":4,"loc":{"start":{"line":4,"column":20},"end":{"line":5,"column":5}},"locations":[{"start":{"line":4,"column":20},"end":{"line":5,"column":5}}]},"7":{"type":"branch","line":5,"loc":{"start":{"line":5,"column":10},"end":{"line":7,"column":21}},"locations":[{"start":{"line":5,"column":10},"end":{"line":7,"column":21}}]},"8":{"type":"branch","line":7,"loc":{"start":{"line":7,"column":21},"end":{"line":8,"column":15}},"locations":[{"start":{"line":7,"column":21},"end":{"line":8,"column":15}}]},"9":{"type":"branch","line":8,"loc":{"start":{"line":8,"column":15},"end":{"line":10,"column":6}},"locations":[{"start":{"line":8,"column":15},"end":{"line":10,"column":6}}]},"10":{"type":"branch","line":10,"loc":{"start":{"line":10,"column":6},"end":{"line":11,"column":6}},"locations":[{"start":{"line":10,"column":6},"end":{"line":11,"column":6}}]},"11":{"type":"branch","line":11,"loc":{"start":{"line":11,"column":6},"end":{"line":11,"column":23}},"locations":[{"start":{"line":11,"column":6},"end":{"line":11,"column":23}}]},"12":{"type":"branch","line":13,"loc":{"start":{"line":13,"column":13},"end":{"line":43,"column":51}},"locations":[{"start":{"line":13,"column":13},"end":{"line":43,"column":51}}]},"13":{"type":"branch","line":14,"loc":{"start":{"line":14,"column":7},"end":{"line":42,"column":13}},"locations":[{"start":{"line":14,"column":7},"end":{"line":42,"column":13}}]},"14":{"type":"branch","line":16,"loc":{"start":{"line":16,"column":8},"end":{"line":42,"column":8}},"locations":[{"start":{"line":16,"column":8},"end":{"line":42,"column":8}}]},"15":{"type":"branch","line":30,"loc":{"start":{"line":30,"column":1},"end":{"line":31,"column":10}},"locations":[{"start":{"line":30,"column":1},"end":{"line":31,"column":10}}]},"16":{"type":"branch","line":31,"loc":{"start":{"line":31,"column":19},"end":{"line":34,"column":21}},"locations":[{"start":{"line":31,"column":19},"end":{"line":34,"column":21}}]},"17":{"type":"branch","line":35,"loc":{"start":{"line":35,"column":8},"end":{"line":35,"column":82}},"locations":[{"start":{"line":35,"column":8},"end":{"line":35,"column":82}}]},"18":{"type":"branch","line":36,"loc":{"start":{"line":36,"column":2},"end":{"line":37,"column":16}},"locations":[{"start":{"line":36,"column":2},"end":{"line":37,"column":16}}]},"19":{"type":"branch","line":37,"loc":{"start":{"line":37,"column":25},"end":{"line":41,"column":18}},"locations":[{"start":{"line":37,"column":25},"end":{"line":41,"column":18}}]},"20":{"type":"branch","line":41,"loc":{"start":{"line":41,"column":27},"end":{"line":41,"column":102}},"locations":[{"start":{"line":41,"column":27},"end":{"line":41,"column":102}}]}},"b":{"0":[1],"1":[36],"2":[16],"3":[20],"4":[2],"5":[1],"6":[1],"7":[18],"8":[13],"9":[5],"10":[4],"11":[1],"12":[1],"13":[5],"14":[18],"15":[4],"16":[2],"17":[5],"18":[3],"19":[4],"20":[0]},"fnMap":{"0":{"name":"prepareValue","decl":{"start":{"line":1,"column":0},"end":{"line":11,"column":24}},"loc":{"start":{"line":1,"column":0},"end":{"line":11,"column":24}},"line":1},"1":{"name":"default","decl":{"start":{"line":13,"column":13},"end":{"line":43,"column":51}},"loc":{"start":{"line":13,"column":13},"end":{"line":43,"column":51}},"line":13},"2":{"name":"iter","decl":{"start":{"line":14,"column":7},"end":{"line":42,"column":13}},"loc":{"start":{"line":14,"column":7},"end":{"line":42,"column":13}},"line":14}},"f":{"0":36,"1":1,"2":5}}
,"/mnt/c/LinuxShared/fp_lvl2/src/formatters/stylish.js": {"path":"/mnt/c/LinuxShared/fp_lvl2/src/formatters/stylish.js","statementMap":{"0":{"start":{"line":1,"column":0},"end":{"line":1,"column":23}},"1":{"start":{"line":2,"column":0},"end":{"line":2,"column":0}},"2":{"start":{"line":3,"column":0},"end":{"line":3,"column":52}},"3":{"start":{"line":4,"column":0},"end":{"line":4,"column":0}},"4":{"start":{"line":5,"column":0},"end":{"line":5,"column":40}},"5":{"start":{"line":6,"column":0},"end":{"line":6,"column":23}},"6":{"start":{"line":7,"column":0},"end":{"line":7,"column":18}},"7":{"start":{"line":8,"column":0},"end":{"line":8,"column":3}},"8":{"start":{"line":9,"column":0},"end":{"line":9,"column":35}},"9":{"start":{"line":10,"column":0},"end":{"line":10,"column":36}},"10":{"start":{"line":11,"column":0},"end":{"line":11,"column":3}},"11":{"start":{"line":12,"column":0},"end":{"line":12,"column":35}},"12":{"start":{"line":13,"column":0},"end":{"line":13,"column":17}},"13":{"start":{"line":14,"column":0},"end":{"line":14,"column":3}},"14":{"start":{"line":15,"column":0},"end":{"line":15,"column":0}},"15":{"start":{"line":16,"column":0},"end":{"line":16,"column":34}},"16":{"start":{"line":17,"column":0},"end":{"line":17,"column":35}},"17":{"start":{"line":18,"column":0},"end":{"line":18,"column":0}},"18":{"start":{"line":19,"column":0},"end":{"line":19,"column":41}},"19":{"start":{"line":20,"column":0},"end":{"line":20,"column":62}},"20":{"start":{"line":21,"column":0},"end":{"line":21,"column":51}},"21":{"start":{"line":22,"column":0},"end":{"line":22,"column":5}},"22":{"start":{"line":23,"column":0},"end":{"line":23,"column":47}},"23":{"start":{"line":24,"column":0},"end":{"line":24,"column":43}},"24":{"start":{"line":25,"column":0},"end":{"line":25,"column":2}},"25":{"start":{"line":26,"column":0},"end":{"line":26,"column":0}},"26":{"start":{"line":27,"column":0},"end":{"line":27,"column":26}},"27":{"start":{"line":28,"column":0},"end":{"line":28,"column":41}},"28":{"start":{"line":29,"column":0},"end":{"line":29,"column":6}},"29":{"start":{"line":30,"column":0},"end":{"line":30,"column":10}},"30":{"start":{"line":31,"column":0},"end":{"line":31,"column":11}},"31":{"start":{"line":32,"column":0},"end":{"line":32,"column":15}},"32":{"start":{"line":33,"column":0},"end":{"line":33,"column":15}},"33":{"start":{"line":34,"column":0},"end":{"line":34,"column":15}},"34":{"start":{"line":35,"column":0},"end":{"line":35,"column":11}},"35":{"start":{"line":36,"column":0},"end":{"line":36,"column":99}},"36":{"start":{"line":37,"column":0},"end":{"line":37,"column":21}},"37":{"start":{"line":38,"column":0},"end":{"line":38,"column":21}},"38":{"start":{"line":39,"column":0},"end":{"line":39,"column":68}},"39":{"start":{"line":40,"column":0},"end":{"line":40,"column":23}},"40":{"start":{"line":41,"column":0},"end":{"line":41,"column":66}},"41":{"start":{"line":42,"column":0},"end":{"line":42,"column":25}},"42":{"start":{"line":43,"column":0},"end":{"line":43,"column":66}},"43":{"start":{"line":44,"column":0},"end":{"line":44,"column":23}},"44":{"start":{"line":45,"column":0},"end":{"line":45,"column":67}},"45":{"start":{"line":46,"column":0},"end":{"line":46,"column":61}},"46":{"start":{"line":47,"column":0},"end":{"line":47,"column":12}},"47":{"start":{"line":48,"column":0},"end":{"line":48,"column":23}},"48":{"start":{"line":49,"column":0},"end":{"line":49,"column":110}},"49":{"start":{"line":50,"column":0},"end":{"line":50,"column":16}},"50":{"start":{"line":51,"column":0},"end":{"line":51,"column":65}},"51":{"start":{"line":52,"column":0},"end":{"line":52,"column":7}},"52":{"start":{"line":53,"column":0},"end":{"line":53,"column":6}},"53":{"start":{"line":54,"column":0},"end":{"line":54,"column":4}},"54":{"start":{"line":55,"column":0},"end":{"line":55,"column":42}},"55":{"start":{"line":56,"column":0},"end":{"line":56,"column":76}},"56":{"start":{"line":57,"column":0},"end":{"line":57,"column":60}},"57":{"start":{"line":58,"column":0},"end":{"line":58,"column":0}},"58":{"start":{"line":59,"column":0},"end":{"line":59,"column":21}},"59":{"start":{"line":60,"column":0},"end":{"line":60,"column":2}}},"s":{"0":1,"1":45,"2":45,"3":44,"4":45,"5":8,"6":45,"7":36,"8":45,"9":45,"10":7,"11":7,"12":7,"13":7,"14":7,"15":7,"16":9,"17":9,"18":9,"19":7,"20":7,"21":7,"22":1,"23":4,"24":33,"25":33,"26":33,"27":33,"28":33,"29":33,"30":33,"31":36,"32":36,"33":36,"34":36,"35":33,"36":5,"37":33,"38":11,"39":33,"40":6,"41":33,"42":7,"43":7,"44":33,"45":4,"46":4,"47":4,"48":33,"49":4,"50":4,"51":4,"52":4,"53":4,"54":4,"55":1,"56":1,"57":1,"58":1,"59":1},"branchMap":{"0":{"type":"branch","line":1,"loc":{"start":{"line":1,"column":0},"end":{"line":56,"column":75}},"locations":[{"start":{"line":1,"column":0},"end":{"line":56,"column":75}}]},"1":{"type":"branch","line":1,"loc":{"start":{"line":1,"column":11},"end":{"line":23,"column":4}},"locations":[{"start":{"line":1,"column":11},"end":{"line":23,"column":4}}]},"2":{"type":"branch","line":3,"loc":{"start":{"line":3,"column":28},"end":{"line":3,"column":52}},"locations":[{"start":{"line":3,"column":28},"end":{"line":3,"column":52}}]},"3":{"type":"branch","line":3,"loc":{"start":{"line":3,"column":52},"end":{"line":5,"column":33}},"locations":[{"start":{"line":3,"column":52},"end":{"line":5,"column":33}}]},"4":{"type":"branch","line":5,"loc":{"start":{"line":5,"column":33},"end":{"line":7,"column":10}},"locations":[{"start":{"line":5,"column":33},"end":{"line":7,"column":10}}]},"5":{"type":"branch","line":6,"loc":{"start":{"line":6,"column":11},"end":{"line":6,"column":19}},"locations":[{"start":{"line":6,"column":11},"end":{"line":6,"column":19}}]},"6":{"type":"branch","line":6,"loc":{"start":{"line":6,"column":20},"end":{"line":7,"column":5}},"locations":[{"start":{"line":6,"column":20},"end":{"line":7,"column":5}}]},"7":{"type":"branch","line":7,"loc":{"start":{"line":7,"column":10},"end":{"line":9,"column":22}},"locations":[{"start":{"line":7,"column":10},"end":{"line":9,"column":22}}]},"8":{"type":"branch","line":9,"loc":{"start":{"line":9,"column":22},"end":{"line":10,"column":9}},"locations":[{"start":{"line":9,"column":22},"end":{"line":10,"column":9}}]},"9":{"type":"branch","line":10,"loc":{"start":{"line":10,"column":9},"end":{"line":23,"column":3}},"locations":[{"start":{"line":10,"column":9},"end":{"line":23,"column":3}}]},"10":{"type":"branch","line":16,"loc":{"start":{"line":16,"column":14},"end":{"line":20,"column":29}},"locations":[{"start":{"line":16,"column":14},"end":{"line":20,"column":29}}]},"11":{"type":"branch","line":23,"loc":{"start":{"line":23,"column":22},"end":{"line":56,"column":73}},"locations":[{"start":{"line":23,"column":22},"end":{"line":56,"column":73}}]},"12":{"type":"branch","line":24,"loc":{"start":{"line":24,"column":1},"end":{"line":50,"column":12}},"locations":[{"start":{"line":24,"column":1},"end":{"line":50,"column":12}}]},"13":{"type":"branch","line":24,"loc":{"start":{"line":24,"column":32},"end":{"line":50,"column":7}},"locations":[{"start":{"line":24,"column":32},"end":{"line":50,"column":7}}]},"14":{"type":"branch","line":36,"loc":{"start":{"line":36,"column":41},"end":{"line":38,"column":1}},"locations":[{"start":{"line":36,"column":41},"end":{"line":38,"column":1}}]},"15":{"type":"branch","line":38,"loc":{"start":{"line":38,"column":10},"end":{"line":40,"column":1}},"locations":[{"start":{"line":38,"column":10},"end":{"line":40,"column":1}}]},"16":{"type":"branch","line":40,"loc":{"start":{"line":40,"column":10},"end":{"line":42,"column":3}},"locations":[{"start":{"line":40,"column":10},"end":{"line":42,"column":3}}]},"17":{"type":"branch","line":42,"loc":{"start":{"line":42,"column":12},"end":{"line":45,"column":53}},"locations":[{"start":{"line":42,"column":12},"end":{"line":45,"column":53}}]},"18":{"type":"branch","line":45,"loc":{"start":{"line":45,"column":62},"end":{"line":49,"column":21}},"locations":[{"start":{"line":45,"column":62},"end":{"line":49,"column":21}}]},"19":{"type":"branch","line":49,"loc":{"start":{"line":49,"column":30},"end":{"line":49,"column":104}},"locations":[{"start":{"line":49,"column":30},"end":{"line":49,"column":104}}]},"20":{"type":"branch","line":31,"loc":{"start":{"line":31,"column":10},"end":{"line":36,"column":9}},"locations":[{"start":{"line":31,"column":10},"end":{"line":36,"column":9}}]}},"b":{"0":[1],"1":[45],"2":[1],"3":[44],"4":[8],"5":[4],"6":[4],"7":[36],"8":[29],"9":[7],"10":[9],"11":[4],"12":[8],"13":[33],"14":[5],"15":[11],"16":[6],"17":[7],"18":[4],"19":[0],"20":[36]},"fnMap":{"0":{"name":"prepareValue","decl":{"start":{"line":1,"column":11},"end":{"line":23,"column":4}},"loc":{"start":{"line":1,"column":11},"end":{"line":23,"column":4}},"line":1},"1":{"name":"default","decl":{"start":{"line":23,"column":22},"end":{"line":56,"column":73}},"loc":{"start":{"line":23,"column":22},"end":{"line":56,"column":73}},"line":23},"2":{"name":"iter","decl":{"start":{"line":24,"column":1},"end":{"line":50,"column":12}},"loc":{"start":{"line":24,"column":1},"end":{"line":50,"column":12}},"line":24},"3":{"name":"createString","decl":{"start":{"line":31,"column":10},"end":{"line":36,"column":9}},"loc":{"start":{"line":31,"column":10},"end":{"line":36,"column":9}},"line":31}},"f":{"0":45,"1":4,"2":8,"3":36}}
}
