{"/mnt/c/LinuxShared/fp_lvl2/src/index.js": {"path":"/mnt/c/LinuxShared/fp_lvl2/src/index.js","statementMap":{"0":{"start":{"line":1,"column":0},"end":{"line":1,"column":23}},"1":{"start":{"line":2,"column":0},"end":{"line":2,"column":20}},"2":{"start":{"line":3,"column":0},"end":{"line":3,"column":24}},"3":{"start":{"line":4,"column":0},"end":{"line":4,"column":34}},"4":{"start":{"line":5,"column":0},"end":{"line":5,"column":0}},"5":{"start":{"line":6,"column":0},"end":{"line":6,"column":31}},"6":{"start":{"line":7,"column":0},"end":{"line":7,"column":92}},"7":{"start":{"line":8,"column":0},"end":{"line":8,"column":84}},"8":{"start":{"line":9,"column":0},"end":{"line":9,"column":18}},"9":{"start":{"line":10,"column":0},"end":{"line":10,"column":2}},"10":{"start":{"line":11,"column":0},"end":{"line":11,"column":0}},"11":{"start":{"line":12,"column":0},"end":{"line":12,"column":47}},"12":{"start":{"line":13,"column":0},"end":{"line":13,"column":69}},"13":{"start":{"line":14,"column":0},"end":{"line":14,"column":51}},"14":{"start":{"line":15,"column":0},"end":{"line":15,"column":53}},"15":{"start":{"line":16,"column":0},"end":{"line":16,"column":23}},"16":{"start":{"line":17,"column":0},"end":{"line":17,"column":81}},"17":{"start":{"line":18,"column":0},"end":{"line":18,"column":43}},"18":{"start":{"line":19,"column":0},"end":{"line":19,"column":74}},"19":{"start":{"line":20,"column":0},"end":{"line":20,"column":2}},"20":{"start":{"line":21,"column":0},"end":{"line":21,"column":28}},"21":{"start":{"line":22,"column":0},"end":{"line":22,"column":41}},"22":{"start":{"line":23,"column":0},"end":{"line":23,"column":128}},"23":{"start":{"line":24,"column":0},"end":{"line":24,"column":185}},"24":{"start":{"line":25,"column":0},"end":{"line":25,"column":108}},"25":{"start":{"line":26,"column":0},"end":{"line":26,"column":50}},"26":{"start":{"line":27,"column":0},"end":{"line":27,"column":115}},"27":{"start":{"line":28,"column":0},"end":{"line":28,"column":47}},"28":{"start":{"line":29,"column":0},"end":{"line":29,"column":36}},"29":{"start":{"line":30,"column":0},"end":{"line":30,"column":72}},"30":{"start":{"line":31,"column":0},"end":{"line":31,"column":50}},"31":{"start":{"line":32,"column":0},"end":{"line":32,"column":72}},"32":{"start":{"line":33,"column":0},"end":{"line":33,"column":51}},"33":{"start":{"line":34,"column":0},"end":{"line":34,"column":12}},"34":{"start":{"line":35,"column":0},"end":{"line":35,"column":27}},"35":{"start":{"line":36,"column":0},"end":{"line":36,"column":5}},"36":{"start":{"line":37,"column":0},"end":{"line":37,"column":4}},"37":{"start":{"line":38,"column":0},"end":{"line":38,"column":0}},"38":{"start":{"line":39,"column":0},"end":{"line":39,"column":77}},"39":{"start":{"line":40,"column":0},"end":{"line":40,"column":0}},"40":{"start":{"line":41,"column":0},"end":{"line":41,"column":27}},"41":{"start":{"line":42,"column":0},"end":{"line":42,"column":19}},"42":{"start":{"line":43,"column":0},"end":{"line":43,"column":27}},"43":{"start":{"line":44,"column":0},"end":{"line":44,"column":2}}},"s":{"0":1,"1":1,"2":3,"3":3,"4":0,"5":0,"6":3,"7":1,"8":3,"9":3,"10":3,"11":3,"12":3,"13":3,"14":3,"15":3,"16":3,"17":3,"18":3,"19":0,"20":0,"21":0,"22":0,"23":0,"24":0,"25":0,"26":0,"27":0,"28":0,"29":0,"30":0,"31":0,"32":3,"33":0,"34":0,"35":3,"36":3,"37":3,"38":1,"39":1,"40":1,"41":1,"42":1,"43":1},"branchMap":{"0":{"type":"branch","line":1,"loc":{"start":{"line":1,"column":0},"end":{"line":39,"column":69}},"locations":[{"start":{"line":1,"column":0},"end":{"line":39,"column":69}}]},"1":{"type":"branch","line":2,"loc":{"start":{"line":2,"column":9},"end":{"line":8,"column":16}},"locations":[{"start":{"line":2,"column":9},"end":{"line":8,"column":16}}]},"2":{"type":"branch","line":8,"loc":{"start":{"line":8,"column":34},"end":{"line":39,"column":67}},"locations":[{"start":{"line":8,"column":34},"end":{"line":39,"column":67}}]}},"b":{"0":[1],"1":[3],"2":[3]},"fnMap":{"0":{"name":"getData","decl":{"start":{"line":2,"column":9},"end":{"line":8,"column":16}},"loc":{"start":{"line":2,"column":9},"end":{"line":8,"column":16}},"line":2},"1":{"name":"getFixturePath","decl":{"start":{"line":4,"column":4},"end":{"line":7,"column":2}},"loc":{"start":{"line":4,"column":4},"end":{"line":7,"column":2}},"line":4},"2":{"name":"readFile","decl":{"start":{"line":7,"column":23},"end":{"line":7,"column":87}},"loc":{"start":{"line":7,"column":23},"end":{"line":7,"column":87}},"line":7},"3":{"name":"default","decl":{"start":{"line":8,"column":34},"end":{"line":39,"column":67}},"loc":{"start":{"line":8,"column":34},"end":{"line":39,"column":67}},"line":8},"4":{"name":"render","decl":{"start":{"line":19,"column":6},"end":{"line":33,"column":13}},"loc":{"start":{"line":19,"column":6},"end":{"line":33,"column":13}},"line":19},"5":{"name":"iter","decl":{"start":{"line":33,"column":31},"end":{"line":35,"column":27}},"loc":{"start":{"line":33,"column":31},"end":{"line":35,"column":27}},"line":33}},"f":{"0":3,"1":0,"2":0,"3":3,"4":0,"5":0}}
,"/mnt/c/LinuxShared/fp_lvl2/src/parsers.js": {"path":"/mnt/c/LinuxShared/fp_lvl2/src/parsers.js","statementMap":{"0":{"start":{"line":1,"column":0},"end":{"line":1,"column":20}},"1":{"start":{"line":2,"column":0},"end":{"line":2,"column":24}},"2":{"start":{"line":3,"column":0},"end":{"line":3,"column":27}},"3":{"start":{"line":4,"column":0},"end":{"line":4,"column":22}},"4":{"start":{"line":5,"column":0},"end":{"line":5,"column":0}},"5":{"start":{"line":6,"column":0},"end":{"line":6,"column":32}},"6":{"start":{"line":7,"column":0},"end":{"line":7,"column":52}},"7":{"start":{"line":8,"column":0},"end":{"line":8,"column":42}},"8":{"start":{"line":9,"column":0},"end":{"line":9,"column":27}},"9":{"start":{"line":10,"column":0},"end":{"line":10,"column":28}},"10":{"start":{"line":11,"column":0},"end":{"line":11,"column":28}},"11":{"start":{"line":12,"column":0},"end":{"line":12,"column":31}},"12":{"start":{"line":13,"column":0},"end":{"line":13,"column":28}},"13":{"start":{"line":14,"column":0},"end":{"line":14,"column":27}},"14":{"start":{"line":15,"column":0},"end":{"line":15,"column":3}},"15":{"start":{"line":16,"column":0},"end":{"line":16,"column":2}}},"s":{"0":1,"1":1,"2":3,"3":3,"4":3,"5":3,"6":3,"7":0,"8":0,"9":0,"10":0,"11":1,"12":1,"13":1,"14":1,"15":1},"branchMap":{"0":{"type":"branch","line":1,"loc":{"start":{"line":1,"column":0},"end":{"line":12,"column":7}},"locations":[{"start":{"line":1,"column":0},"end":{"line":12,"column":7}}]},"1":{"type":"branch","line":2,"loc":{"start":{"line":2,"column":3},"end":{"line":12,"column":5}},"locations":[{"start":{"line":2,"column":3},"end":{"line":12,"column":5}}]},"2":{"type":"branch","line":7,"loc":{"start":{"line":7,"column":33},"end":{"line":12,"column":3}},"locations":[{"start":{"line":7,"column":33},"end":{"line":12,"column":3}}]}},"b":{"0":[1],"1":[3],"2":[0]},"fnMap":{"0":{"name":"default","decl":{"start":{"line":2,"column":3},"end":{"line":12,"column":5}},"loc":{"start":{"line":2,"column":3},"end":{"line":12,"column":5}},"line":2}},"f":{"0":3}}
}
