TN:
SF:src/index.js
FN:5,getData
FN:10,getFixturePath
FN:12,readFile
FN:16,createNode
FN:22,generateTree
FN:47,genDiff
FNF:6
FNH:6
FNDA:12,getData
FNDA:12,getFixturePath
FNDA:12,readFile
FNDA:122,createNode
FNDA:30,generateTree
FNDA:6,genDiff
DA:1,1
DA:2,1
DA:3,1
DA:4,1
DA:5,1
DA:6,12
DA:7,12
DA:8,12
DA:9,12
DA:10,12
DA:11,12
DA:12,12
DA:13,12
DA:14,1
DA:15,1
DA:16,1
DA:17,122
DA:18,122
DA:19,122
DA:20,1
DA:21,1
DA:22,1
DA:23,30
DA:24,30
DA:25,30
DA:26,30
DA:27,30
DA:28,30
DA:29,30
DA:30,30
DA:31,30
DA:32,30
DA:33,30
DA:34,122
DA:35,14
DA:36,14
DA:37,122
DA:38,122
DA:39,122
DA:40,122
DA:41,122
DA:42,122
DA:43,24
DA:44,122
DA:45,1
DA:46,1
DA:47,1
DA:48,6
DA:49,6
DA:50,6
DA:51,6
DA:52,6
DA:53,6
DA:54,1
DA:55,1
DA:56,1
DA:57,1
DA:58,1
LF:58
LH:58
BRDA:1,0,0,1
BRDA:5,1,0,12
BRDA:10,2,0,12
BRDA:12,3,0,12
BRDA:16,4,0,122
BRDA:22,5,0,30
BRDA:33,6,0,122
BRDA:34,7,0,14
BRDA:37,8,0,108
BRDA:38,9,0,32
BRDA:39,10,0,76
BRDA:40,11,0,14
BRDA:41,12,0,62
BRDA:42,13,0,28
BRDA:42,14,0,24
BRDA:44,15,0,38
BRDA:47,16,0,6
BRF:17
BRH:17
end_of_record
TN:
SF:src/parsers.js
FN:1,default
FNF:1
FNH:1
FNDA:12,default
DA:1,1
DA:2,12
DA:3,12
DA:4,12
DA:5,12
DA:6,2
DA:7,2
DA:8,2
DA:9,2
DA:10,1
DA:11,1
DA:12,1
DA:13,1
DA:14,1
DA:15,1
LF:15
LH:15
BRDA:1,0,0,1
BRDA:1,1,0,12
BRDA:4,2,0,8
BRDA:5,3,0,4
BRDA:5,4,0,2
BRF:5
BRH:5
end_of_record
TN:
SF:src/formatters/index.js
FN:2,default
FNF:1
FNH:1
FNDA:6,default
DA:1,1
DA:2,1
DA:3,6
DA:4,4
DA:5,6
DA:6,1
DA:7,6
DA:8,1
DA:9,6
DA:10,0
DA:11,0
DA:12,1
DA:13,1
DA:14,1
DA:15,1
DA:16,1
LF:16
LH:14
BRDA:1,0,0,1
BRDA:2,1,0,6
BRDA:3,2,0,4
BRDA:5,3,0,1
BRDA:7,4,0,1
BRDA:9,5,0,0
BRF:6
BRH:5
end_of_record
TN:
SF:src/formatters/json.js
FNF:0
FNH:0
DA:1,1
LF:1
LH:1
BRF:0
BRH:0
end_of_record
TN:
SF:src/formatters/plain.js
FN:1,prepareValue
FN:13,default
FN:14,iter
FNF:3
FNH:3
FNDA:56,prepareValue
FNDA:1,default
FNDA:7,iter
DA:1,56
DA:2,32
DA:3,56
DA:4,6
DA:5,56
DA:6,26
DA:7,56
DA:8,56
DA:9,8
DA:10,56
DA:11,56
DA:12,1
DA:13,1
DA:14,1
DA:15,7
DA:16,7
DA:17,28
DA:18,28
DA:19,28
DA:20,28
DA:21,28
DA:22,28
DA:23,28
DA:24,28
DA:25,28
DA:26,28
DA:27,28
DA:28,28
DA:29,28
DA:30,28
DA:31,28
DA:32,7
DA:33,7
DA:34,7
DA:35,28
DA:36,28
DA:37,28
DA:38,9
DA:39,9
DA:40,9
DA:41,28
DA:42,1
DA:43,1
DA:44,1
DA:45,1
DA:46,1
DA:47,1
DA:48,1
DA:49,1
LF:49
LH:49
BRDA:1,0,0,1
BRDA:1,1,0,56
BRDA:1,2,0,24
BRDA:1,3,0,32
BRDA:3,4,0,6
BRDA:4,5,0,3
BRDA:4,6,0,3
BRDA:5,7,0,26
BRDA:7,8,0,18
BRDA:8,9,0,8
BRDA:10,10,0,5
BRDA:11,11,0,3
BRDA:13,12,0,1
BRDA:14,13,0,7
BRDA:16,14,0,28
BRDA:30,15,0,6
BRDA:31,16,0,7
BRDA:35,17,0,3
BRDA:36,18,0,3
BRDA:37,19,0,9
BRDA:41,20,0,0
BRF:21
BRH:20
end_of_record
TN:
SF:src/formatters/stylish.js
FN:1,prepareValue
FN:23,default
FN:24,iter
FN:31,createString
FNF:4
FNH:4
FNDA:94,prepareValue
FNDA:4,default
FNDA:16,iter
FNDA:74,createString
DA:1,1
DA:2,94
DA:3,94
DA:4,90
DA:5,94
DA:6,16
DA:7,94
DA:8,74
DA:9,94
DA:10,94
DA:11,16
DA:12,16
DA:13,16
DA:14,16
DA:15,16
DA:16,16
DA:17,20
DA:18,20
DA:19,20
DA:20,16
DA:21,16
DA:22,16
DA:23,1
DA:24,4
DA:25,66
DA:26,66
DA:27,66
DA:28,66
DA:29,66
DA:30,66
DA:31,66
DA:32,74
DA:33,74
DA:34,74
DA:35,74
DA:36,66
DA:37,18
DA:38,66
DA:39,8
DA:40,66
DA:41,8
DA:42,66
DA:43,20
DA:44,20
DA:45,66
DA:46,12
DA:47,12
DA:48,12
DA:49,66
DA:50,4
DA:51,4
DA:52,4
DA:53,4
DA:54,4
DA:55,4
DA:56,4
DA:57,1
DA:58,1
DA:59,1
DA:60,1
LF:60
LH:60
BRDA:1,0,0,1
BRDA:1,1,0,94
BRDA:3,2,0,4
BRDA:3,3,0,90
BRDA:5,4,0,16
BRDA:6,5,0,8
BRDA:6,6,0,8
BRDA:7,7,0,74
BRDA:9,8,0,58
BRDA:10,9,0,16
BRDA:16,10,0,20
BRDA:23,11,0,4
BRDA:24,12,0,16
BRDA:24,13,0,66
BRDA:36,14,0,18
BRDA:38,15,0,8
BRDA:40,16,0,8
BRDA:42,17,0,20
BRDA:45,18,0,12
BRDA:49,19,0,0
BRDA:31,20,0,74
BRF:21
BRH:20
end_of_record
