TN:
SF:src/index.js
FN:2,getData
FN:4,getFixturePath
FN:7,readFile
FN:8,default
FN:19,render
FN:33,iter
FNF:6
FNH:2
FNDA:3,getData
FNDA:0,getFixturePath
FNDA:0,readFile
FNDA:3,default
FNDA:0,render
FNDA:0,iter
DA:1,1
DA:2,1
DA:3,3
DA:4,3
DA:5,0
DA:6,0
DA:7,3
DA:8,1
DA:9,3
DA:10,3
DA:11,3
DA:12,3
DA:13,3
DA:14,3
DA:15,3
DA:16,3
DA:17,3
DA:18,3
DA:19,3
DA:20,0
DA:21,0
DA:22,0
DA:23,0
DA:24,0
DA:25,0
DA:26,0
DA:27,0
DA:28,0
DA:29,0
DA:30,0
DA:31,0
DA:32,0
DA:33,3
DA:34,0
DA:35,0
DA:36,3
DA:37,3
DA:38,3
DA:39,1
DA:40,1
DA:41,1
DA:42,1
DA:43,1
DA:44,1
LF:44
LH:27
BRDA:1,0,0,1
BRDA:2,1,0,3
BRDA:8,2,0,3
BRF:3
BRH:3
end_of_record
TN:
SF:src/parsers.js
FN:2,default
FNF:1
FNH:1
FNDA:3,default
DA:1,1
DA:2,1
DA:3,3
DA:4,3
DA:5,3
DA:6,3
DA:7,3
DA:8,0
DA:9,0
DA:10,0
DA:11,0
DA:12,1
DA:13,1
DA:14,1
DA:15,1
DA:16,1
LF:16
LH:12
BRDA:1,0,0,1
BRDA:2,1,0,3
BRDA:7,2,0,0
BRF:3
BRH:2
end_of_record
